{"asctime": "2026-02-20 00:18:15,671", "name": "__main__", "levelname": "\u001b[32mINFO\u001b[0m", "message": "\u2705 LinkedIn generator initialized", "filename": "logger.py", "lineno": 130}
{"asctime": "2026-02-20 00:18:53,298", "name": "__main__", "levelname": "\u001b[32mINFO\u001b[0m", "message": "\u2705 LinkedIn generator initialized", "filename": "logger.py", "lineno": 130}
{"asctime": "2026-02-20 00:18:53,989", "name": "__main__", "levelname": "\u001b[32mINFO\u001b[0m", "message": "\u2705 LinkedIn generator initialized", "filename": "logger.py", "lineno": 130}
{"asctime": "2026-02-20 00:18:59,581", "name": "__main__", "levelname": "\u001b[32mINFO\u001b[0m", "message": "\u2705 LinkedIn generator initialized", "filename": "logger.py", "lineno": 130}
{"asctime": "2026-02-20 00:19:07,949", "name": "__main__", "levelname": "\u001b[32mINFO\u001b[0m", "message": "\u2705 LinkedIn generator initialized", "filename": "logger.py", "lineno": 130}
{"asctime": "2026-02-20 00:19:27,759", "name": "__main__", "levelname": "\u001b[32mINFO\u001b[0m", "message": "\u2705 LinkedIn generator initialized", "filename": "logger.py", "lineno": 130}
{"asctime": "2026-02-20 00:19:30,513", "name": "__main__", "levelname": "\u001b[32mINFO\u001b[0m", "message": "\u2705 LinkedIn generator initialized", "filename": "logger.py", "lineno": 130}
{"asctime": "2026-02-20 00:19:33,625", "name": "__main__", "levelname": "\u001b[32mINFO\u001b[0m", "message": "\u2705 LinkedIn generator initialized", "filename": "logger.py", "lineno": 130}
{"asctime": "2026-02-20 00:19:33,941", "name": "__main__", "levelname": "\u001b[32mINFO\u001b[0m", "message": "\u2705 LinkedIn generator initialized", "filename": "logger.py", "lineno": 130}
{"asctime": "2026-02-20 00:19:41,900", "name": "__main__", "levelname": "\u001b[32mINFO\u001b[0m", "message": "\u2705 LinkedIn generator initialized", "filename": "logger.py", "lineno": 130}
{"asctime": "2026-02-20 00:19:45,258", "name": "__main__", "levelname": "\u001b[32mINFO\u001b[0m", "message": "\u2705 LinkedIn generator initialized", "filename": "logger.py", "lineno": 130}
{"asctime": "2026-02-20 00:19:46,310", "name": "__main__", "levelname": "\u001b[32mINFO\u001b[0m", "message": "\u2705 LinkedIn generator initialized", "filename": "logger.py", "lineno": 130}
{"asctime": "2026-02-20 00:19:49,690", "name": "__main__", "levelname": "\u001b[32mINFO\u001b[0m", "message": "\u2705 LinkedIn generator initialized", "filename": "logger.py", "lineno": 130}
{"asctime": "2026-02-20 00:19:54,374", "name": "__main__", "levelname": "\u001b[32mINFO\u001b[0m", "message": "\u2705 LinkedIn generator initialized", "filename": "logger.py", "lineno": 130}
{"asctime": "2026-02-20 00:19:58,230", "name": "__main__", "levelname": "\u001b[32mINFO\u001b[0m", "message": "\u2705 LinkedIn generator initialized", "filename": "logger.py", "lineno": 130}
{"asctime": "2026-02-20 00:20:02,234", "name": "__main__", "levelname": "\u001b[32mINFO\u001b[0m", "message": "\u2705 LinkedIn generator initialized", "filename": "logger.py", "lineno": 130}
{"asctime": "2026-02-20 00:20:07,562", "name": "__main__", "levelname": "\u001b[32mINFO\u001b[0m", "message": "\u2705 LinkedIn generator initialized", "filename": "logger.py", "lineno": 130}
{"asctime": "2026-02-20 00:20:09,286", "name": "__main__", "levelname": "\u001b[32mINFO\u001b[0m", "message": "\u2705 LinkedIn generator initialized", "filename": "logger.py", "lineno": 130}
{"asctime": "2026-02-20 00:20:21,432", "name": "__main__", "levelname": "\u001b[32mINFO\u001b[0m", "message": "\u2705 LinkedIn generator initialized", "filename": "logger.py", "lineno": 130}
{"asctime": "2026-02-20 00:20:23,673", "name": "__main__", "levelname": "\u001b[32mINFO\u001b[0m", "message": "\u2705 LinkedIn generator initialized", "filename": "logger.py", "lineno": 130}
{"asctime": "2026-02-20 00:20:26,485", "name": "__main__", "levelname": "\u001b[32mINFO\u001b[0m", "message": "\u2705 LinkedIn generator initialized", "filename": "logger.py", "lineno": 130}
{"asctime": "2026-02-20 00:20:28,454", "name": "__main__", "levelname": "\u001b[32mINFO\u001b[0m", "message": "\u2705 LinkedIn generator initialized", "filename": "logger.py", "lineno": 130}
{"asctime": "2026-02-20 00:20:30,606", "name": "__main__", "levelname": "\u001b[32mINFO\u001b[0m", "message": "\u2705 LinkedIn generator initialized", "filename": "logger.py", "lineno": 130}
{"asctime": "2026-02-20 00:20:31,326", "name": "__main__", "levelname": "\u001b[32mINFO\u001b[0m", "message": "\u2705 LinkedIn generator initialized", "filename": "logger.py", "lineno": 130}
{"asctime": "2026-02-20 00:20:55,472", "name": "__main__", "levelname": "\u001b[32mINFO\u001b[0m", "message": "\u2705 Specificity enforcement applied", "filename": "logger.py", "lineno": 130}
{"asctime": "2026-02-20 00:20:56,040", "name": "__main__", "levelname": "\u001b[32mINFO\u001b[0m", "message": "\u2705 Context grounding applied", "filename": "logger.py", "lineno": 130}
{"asctime": "2026-02-20 00:20:56,789", "name": "__main__", "levelname": "\u001b[32mINFO\u001b[0m", "message": "\u2705 Quality score calculated", "filename": "logger.py", "lineno": 130}
{"asctime": "2026-02-20 00:20:56,792", "name": "__main__", "levelname": "\u001b[32mINFO\u001b[0m", "message": "Generation completed successfully | mode=advanced | duration_seconds=25.412617683410645 | tokens_used=1254 | timestamp=2026-02-20T00:20:56.792099", "filename": "logger.py", "lineno": 128}
