{"asctime": "2026-02-15 11:28:29,514", "name": "__main__", "levelname": "\u001b[32mINFO\u001b[0m", "message": "\u2705 LinkedIn generator initialized", "filename": "logger.py", "lineno": 130}
{"asctime": "2026-02-15 11:31:53,124", "name": "__main__", "levelname": "\u001b[32mINFO\u001b[0m", "message": "\u2705 LinkedIn generator initialized", "filename": "logger.py", "lineno": 130}
{"asctime": "2026-02-15 11:31:55,448", "name": "__main__", "levelname": "\u001b[32mINFO\u001b[0m", "message": "\u2705 LinkedIn generator initialized", "filename": "logger.py", "lineno": 130}
{"asctime": "2026-02-15 11:33:28,384", "name": "__main__", "levelname": "\u001b[32mINFO\u001b[0m", "message": "\u2705 LinkedIn generator initialized", "filename": "logger.py", "lineno": 130}
{"asctime": "2026-02-15 11:33:30,310", "name": "__main__", "levelname": "\u001b[32mINFO\u001b[0m", "message": "\u2705 LinkedIn generator initialized", "filename": "logger.py", "lineno": 130}
{"asctime": "2026-02-15 11:33:31,808", "name": "__main__", "levelname": "\u001b[32mINFO\u001b[0m", "message": "\u2705 LinkedIn generator initialized", "filename": "logger.py", "lineno": 130}
{"asctime": "2026-02-15 11:33:51,082", "name": "__main__", "levelname": "\u001b[32mINFO\u001b[0m", "message": "\u2705 Specificity enforcement applied", "filename": "logger.py", "lineno": 130}
{"asctime": "2026-02-15 11:33:52,632", "name": "__main__", "levelname": "\u001b[32mINFO\u001b[0m", "message": "\u2705 Quality score calculated", "filename": "logger.py", "lineno": 130}
{"asctime": "2026-02-15 11:33:52,638", "name": "__main__", "levelname": "\u001b[32mINFO\u001b[0m", "message": "Generation completed successfully | mode=advanced | duration_seconds=20.753632307052612 | tokens_used=1308 | timestamp=2026-02-15T11:33:52.638957", "filename": "logger.py", "lineno": 128}
{"asctime": "2026-02-15 11:43:50,454", "name": "__main__", "levelname": "\u001b[32mINFO\u001b[0m", "message": "\u2705 LinkedIn generator initialized", "filename": "logger.py", "lineno": 130}
{"asctime": "2026-02-15 11:44:03,896", "name": "__main__", "levelname": "\u001b[32mINFO\u001b[0m", "message": "\u2705 LinkedIn generator initialized", "filename": "logger.py", "lineno": 130}
{"asctime": "2026-02-15 11:44:04,290", "name": "__main__", "levelname": "\u001b[32mINFO\u001b[0m", "message": "\u2705 LinkedIn generator initialized", "filename": "logger.py", "lineno": 130}
{"asctime": "2026-02-15 11:44:05,522", "name": "__main__", "levelname": "\u001b[32mINFO\u001b[0m", "message": "\u2705 LinkedIn generator initialized", "filename": "logger.py", "lineno": 130}
{"asctime": "2026-02-15 11:44:16,075", "name": "__main__", "levelname": "\u001b[32mINFO\u001b[0m", "message": "\u2705 LinkedIn generator initialized", "filename": "logger.py", "lineno": 130}
{"asctime": "2026-02-15 11:44:35,046", "name": "__main__", "levelname": "\u001b[32mINFO\u001b[0m", "message": "\u2705 LinkedIn generator initialized", "filename": "logger.py", "lineno": 130}
{"asctime": "2026-02-15 11:44:37,505", "name": "__main__", "levelname": "\u001b[32mINFO\u001b[0m", "message": "\u2705 LinkedIn generator initialized", "filename": "logger.py", "lineno": 130}
{"asctime": "2026-02-15 11:44:58,755", "name": "__main__", "levelname": "\u001b[32mINFO\u001b[0m", "message": "\u2705 LinkedIn generator initialized", "filename": "logger.py", "lineno": 130}
{"asctime": "2026-02-15 12:36:36,758", "name": "__main__", "levelname": "\u001b[32mINFO\u001b[0m", "message": "\u2705 LinkedIn generator initialized", "filename": "logger.py", "lineno": 130}
{"asctime": "2026-02-15 12:36:49,976", "name": "__main__", "levelname": "\u001b[32mINFO\u001b[0m", "message": "\u2705 LinkedIn generator initialized", "filename": "logger.py", "lineno": 130}
{"asctime": "2026-02-15 12:36:59,821", "name": "__main__", "levelname": "\u001b[32mINFO\u001b[0m", "message": "\u2705 LinkedIn generator initialized", "filename": "logger.py", "lineno": 130}
{"asctime": "2026-02-15 12:37:52,065", "name": "__main__", "levelname": "\u001b[32mINFO\u001b[0m", "message": "\u2705 LinkedIn generator initialized", "filename": "logger.py", "lineno": 130}
{"asctime": "2026-02-15 12:38:02,704", "name": "__main__", "levelname": "\u001b[32mINFO\u001b[0m", "message": "\u2705 LinkedIn generator initialized", "filename": "logger.py", "lineno": 130}
{"asctime": "2026-02-15 12:38:11,633", "name": "__main__", "levelname": "\u001b[32mINFO\u001b[0m", "message": "\u2705 LinkedIn generator initialized", "filename": "logger.py", "lineno": 130}
{"asctime": "2026-02-15 12:38:19,903", "name": "__main__", "levelname": "\u001b[32mINFO\u001b[0m", "message": "\u2705 LinkedIn generator initialized", "filename": "logger.py", "lineno": 130}
{"asctime": "2026-02-15 12:38:35,960", "name": "__main__", "levelname": "\u001b[32mINFO\u001b[0m", "message": "\u2705 Specificity enforcement applied", "filename": "logger.py", "lineno": 130}
{"asctime": "2026-02-15 12:38:36,598", "name": "__main__", "levelname": "\u001b[32mINFO\u001b[0m", "message": "\u2705 Context grounding applied", "filename": "logger.py", "lineno": 130}
{"asctime": "2026-02-15 12:38:37,358", "name": "__main__", "levelname": "\u001b[32mINFO\u001b[0m", "message": "\u2705 Quality score calculated", "filename": "logger.py", "lineno": 130}
{"asctime": "2026-02-15 12:38:37,363", "name": "__main__", "levelname": "\u001b[32mINFO\u001b[0m", "message": "Generation completed successfully | mode=advanced | duration_seconds=17.421123027801514 | tokens_used=1290 | timestamp=2026-02-15T12:38:37.362371", "filename": "logger.py", "lineno": 128}
{"asctime": "2026-02-15 13:26:27,526", "name": "__main__", "levelname": "\u001b[32mINFO\u001b[0m", "message": "\u2705 LinkedIn generator initialized", "filename": "logger.py", "lineno": 130}
{"asctime": "2026-02-15 13:26:27,526", "name": "__main__", "levelname": "\u001b[32mINFO\u001b[0m", "message": "\u2705 LinkedIn generator initialized", "filename": "logger.py", "lineno": 130}
{"asctime": "2026-02-15 13:26:27,527", "name": "__main__", "levelname": "\u001b[32mINFO\u001b[0m", "message": "\u2705 LinkedIn generator initialized", "filename": "logger.py", "lineno": 130}
{"asctime": "2026-02-15 13:26:27,527", "name": "__main__", "levelname": "\u001b[32mINFO\u001b[0m", "message": "\u2705 LinkedIn generator initialized", "filename": "logger.py", "lineno": 130}
{"asctime": "2026-02-15 13:26:37,199", "name": "__main__", "levelname": "\u001b[32mINFO\u001b[0m", "message": "\u2705 LinkedIn generator initialized", "filename": "logger.py", "lineno": 130}
{"asctime": "2026-02-15 13:26:49,065", "name": "__main__", "levelname": "\u001b[32mINFO\u001b[0m", "message": "\u2705 LinkedIn generator initialized", "filename": "logger.py", "lineno": 130}
{"asctime": "2026-02-15 13:26:51,588", "name": "__main__", "levelname": "\u001b[32mINFO\u001b[0m", "message": "\u2705 LinkedIn generator initialized", "filename": "logger.py", "lineno": 130}
{"asctime": "2026-02-15 13:26:55,098", "name": "__main__", "levelname": "\u001b[32mINFO\u001b[0m", "message": "\u2705 LinkedIn generator initialized", "filename": "logger.py", "lineno": 130}
{"asctime": "2026-02-15 13:27:15,505", "name": "__main__", "levelname": "\u001b[32mINFO\u001b[0m", "message": "\u2705 LinkedIn generator initialized", "filename": "logger.py", "lineno": 130}
{"asctime": "2026-02-15 13:27:38,567", "name": "__main__", "levelname": "\u001b[32mINFO\u001b[0m", "message": "\u2705 LinkedIn generator initialized", "filename": "logger.py", "lineno": 130}
{"asctime": "2026-02-15 13:27:44,127", "name": "__main__", "levelname": "\u001b[32mINFO\u001b[0m", "message": "\u2705 LinkedIn generator initialized", "filename": "logger.py", "lineno": 130}
{"asctime": "2026-02-15 13:28:00,137", "name": "__main__", "levelname": "\u001b[32mINFO\u001b[0m", "message": "\u2705 LinkedIn generator initialized", "filename": "logger.py", "lineno": 130}
{"asctime": "2026-02-15 13:28:02,984", "name": "__main__", "levelname": "\u001b[32mINFO\u001b[0m", "message": "\u2705 LinkedIn generator initialized", "filename": "logger.py", "lineno": 130}
{"asctime": "2026-02-15 13:28:18,269", "name": "__main__", "levelname": "\u001b[32mINFO\u001b[0m", "message": "\u2705 LinkedIn generator initialized", "filename": "logger.py", "lineno": 130}
{"asctime": "2026-02-15 13:28:26,797", "name": "__main__", "levelname": "\u001b[32mINFO\u001b[0m", "message": "\u2705 LinkedIn generator initialized", "filename": "logger.py", "lineno": 130}
{"asctime": "2026-02-15 13:28:40,385", "name": "__main__", "levelname": "\u001b[32mINFO\u001b[0m", "message": "\u2705 LinkedIn generator initialized", "filename": "logger.py", "lineno": 130}
{"asctime": "2026-02-15 13:29:12,434", "name": "__main__", "levelname": "\u001b[32mINFO\u001b[0m", "message": "\u2705 LinkedIn generator initialized", "filename": "logger.py", "lineno": 130}
{"asctime": "2026-02-15 13:29:41,910", "name": "__main__", "levelname": "\u001b[32mINFO\u001b[0m", "message": "\u2705 LinkedIn generator initialized", "filename": "logger.py", "lineno": 130}
{"asctime": "2026-02-15 13:29:42,207", "name": "__main__", "levelname": "\u001b[32mINFO\u001b[0m", "message": "\u2705 LinkedIn generator initialized", "filename": "logger.py", "lineno": 130}
{"asctime": "2026-02-15 13:30:10,812", "name": "__main__", "levelname": "\u001b[32mINFO\u001b[0m", "message": "\u2705 LinkedIn generator initialized", "filename": "logger.py", "lineno": 130}
{"asctime": "2026-02-15 13:30:32,527", "name": "__main__", "levelname": "\u001b[32mINFO\u001b[0m", "message": "\u2705 LinkedIn generator initialized", "filename": "logger.py", "lineno": 130}
{"asctime": "2026-02-15 13:30:50,143", "name": "__main__", "levelname": "\u001b[32mINFO\u001b[0m", "message": "\u2705 LinkedIn generator initialized", "filename": "logger.py", "lineno": 130}
{"asctime": "2026-02-15 13:31:01,994", "name": "__main__", "levelname": "\u001b[32mINFO\u001b[0m", "message": "\u2705 LinkedIn generator initialized", "filename": "logger.py", "lineno": 130}
{"asctime": "2026-02-15 15:14:19,906", "name": "__main__", "levelname": "\u001b[32mINFO\u001b[0m", "message": "\u2705 LinkedIn generator initialized", "filename": "logger.py", "lineno": 130}
{"asctime": "2026-02-15 15:16:44,378", "name": "__main__", "levelname": "\u001b[32mINFO\u001b[0m", "message": "\u2705 LinkedIn generator initialized", "filename": "logger.py", "lineno": 130}
{"asctime": "2026-02-15 15:16:46,615", "name": "__main__", "levelname": "\u001b[32mINFO\u001b[0m", "message": "\u2705 LinkedIn generator initialized", "filename": "logger.py", "lineno": 130}
{"asctime": "2026-02-15 15:16:50,158", "name": "__main__", "levelname": "\u001b[32mINFO\u001b[0m", "message": "\u2705 LinkedIn generator initialized", "filename": "logger.py", "lineno": 130}
{"asctime": "2026-02-15 15:16:54,267", "name": "__main__", "levelname": "\u001b[32mINFO\u001b[0m", "message": "\u2705 LinkedIn generator initialized", "filename": "logger.py", "lineno": 130}
