{"asctime": "2026-02-14 01:38:15,524", "name": "__main__", "levelname": "\u001b[32mINFO\u001b[0m", "message": "\u2705 LinkedIn generator initialized", "filename": "logger.py", "lineno": 130}
{"asctime": "2026-02-14 01:38:39,807", "name": "__main__", "levelname": "\u001b[32mINFO\u001b[0m", "message": "\u2705 LinkedIn generator initialized", "filename": "logger.py", "lineno": 130}
{"asctime": "2026-02-14 01:38:46,342", "name": "__main__", "levelname": "\u001b[32mINFO\u001b[0m", "message": "\u2705 LinkedIn generator initialized", "filename": "logger.py", "lineno": 130}
{"asctime": "2026-02-14 01:38:48,109", "name": "__main__", "levelname": "\u001b[32mINFO\u001b[0m", "message": "\u2705 LinkedIn generator initialized", "filename": "logger.py", "lineno": 130}
{"asctime": "2026-02-14 01:38:52,048", "name": "__main__", "levelname": "\u001b[32mINFO\u001b[0m", "message": "\u2705 LinkedIn generator initialized", "filename": "logger.py", "lineno": 130}
{"asctime": "2026-02-14 01:38:53,659", "name": "__main__", "levelname": "\u001b[32mINFO\u001b[0m", "message": "\u2705 LinkedIn generator initialized", "filename": "logger.py", "lineno": 130}
{"asctime": "2026-02-14 01:38:56,156", "name": "__main__", "levelname": "\u001b[32mINFO\u001b[0m", "message": "\u2705 LinkedIn generator initialized", "filename": "logger.py", "lineno": 130}
{"asctime": "2026-02-14 01:39:26,169", "name": "__main__", "levelname": "\u001b[32mINFO\u001b[0m", "message": "Generation completed successfully | mode=advanced | duration_seconds=29.646074056625366 | tokens_used=1801 | timestamp=2026-02-14T01:39:26.167999", "filename": "logger.py", "lineno": 128}
{"asctime": "2026-02-14 01:59:10,732", "name": "__main__", "levelname": "\u001b[32mINFO\u001b[0m", "message": "\u2705 LinkedIn generator initialized", "filename": "logger.py", "lineno": 130}
{"asctime": "2026-02-14 01:59:17,478", "name": "__main__", "levelname": "\u001b[32mINFO\u001b[0m", "message": "\u2705 LinkedIn generator initialized", "filename": "logger.py", "lineno": 130}
{"asctime": "2026-02-14 01:59:40,879", "name": "__main__", "levelname": "\u001b[32mINFO\u001b[0m", "message": "\u2705 LinkedIn generator initialized", "filename": "logger.py", "lineno": 130}
{"asctime": "2026-02-14 01:59:46,838", "name": "__main__", "levelname": "\u001b[32mINFO\u001b[0m", "message": "\u2705 LinkedIn generator initialized", "filename": "logger.py", "lineno": 130}
{"asctime": "2026-02-14 01:59:52,998", "name": "__main__", "levelname": "\u001b[32mINFO\u001b[0m", "message": "\u2705 LinkedIn generator initialized", "filename": "logger.py", "lineno": 130}
{"asctime": "2026-02-14 01:59:55,823", "name": "__main__", "levelname": "\u001b[32mINFO\u001b[0m", "message": "\u2705 LinkedIn generator initialized", "filename": "logger.py", "lineno": 130}
{"asctime": "2026-02-14 01:59:57,911", "name": "__main__", "levelname": "\u001b[32mINFO\u001b[0m", "message": "\u2705 LinkedIn generator initialized", "filename": "logger.py", "lineno": 130}
{"asctime": "2026-02-14 01:59:59,560", "name": "__main__", "levelname": "\u001b[32mINFO\u001b[0m", "message": "Generation completed successfully | mode=simple | duration_seconds=1.4422283172607422 | tokens_used=1328 | timestamp=2026-02-14T01:59:59.560713", "filename": "logger.py", "lineno": 128}
{"asctime": "2026-02-14 02:10:52,728", "name": "__main__", "levelname": "\u001b[32mINFO\u001b[0m", "message": "\u2705 LinkedIn generator initialized", "filename": "logger.py", "lineno": 130}
{"asctime": "2026-02-14 02:10:52,728", "name": "__main__", "levelname": "\u001b[32mINFO\u001b[0m", "message": "\u2705 LinkedIn generator initialized", "filename": "logger.py", "lineno": 130}
{"asctime": "2026-02-14 02:10:52,730", "name": "__main__", "levelname": "\u001b[32mINFO\u001b[0m", "message": "\u2705 LinkedIn generator initialized", "filename": "logger.py", "lineno": 130}
{"asctime": "2026-02-14 02:10:52,730", "name": "__main__", "levelname": "\u001b[32mINFO\u001b[0m", "message": "\u2705 LinkedIn generator initialized", "filename": "logger.py", "lineno": 130}
{"asctime": "2026-02-14 02:13:35,110", "name": "__main__", "levelname": "\u001b[32mINFO\u001b[0m", "message": "\u2705 LinkedIn generator initialized", "filename": "logger.py", "lineno": 130}
{"asctime": "2026-02-14 02:13:36,881", "name": "__main__", "levelname": "\u001b[32mINFO\u001b[0m", "message": "\u2705 LinkedIn generator initialized", "filename": "logger.py", "lineno": 130}
{"asctime": "2026-02-14 02:13:38,546", "name": "__main__", "levelname": "\u001b[32mINFO\u001b[0m", "message": "\u2705 LinkedIn generator initialized", "filename": "logger.py", "lineno": 130}
{"asctime": "2026-02-14 02:13:39,882", "name": "__main__", "levelname": "\u001b[32mINFO\u001b[0m", "message": "Generation completed successfully | mode=simple | duration_seconds=1.2384459972381592 | tokens_used=1311 | timestamp=2026-02-14T02:13:39.881609", "filename": "logger.py", "lineno": 128}
{"asctime": "2026-02-14 02:15:02,773", "name": "__main__", "levelname": "\u001b[32mINFO\u001b[0m", "message": "\u2705 LinkedIn generator initialized", "filename": "logger.py", "lineno": 130}
{"asctime": "2026-02-14 02:15:03,735", "name": "__main__", "levelname": "\u001b[32mINFO\u001b[0m", "message": "\u2705 LinkedIn generator initialized", "filename": "logger.py", "lineno": 130}
{"asctime": "2026-02-14 02:15:04,878", "name": "__main__", "levelname": "\u001b[32mINFO\u001b[0m", "message": "Generation completed successfully | mode=simple | duration_seconds=1.0673882961273193 | tokens_used=1403 | timestamp=2026-02-14T02:15:04.878368", "filename": "logger.py", "lineno": 128}
{"asctime": "2026-02-14 02:17:30,051", "name": "__main__", "levelname": "\u001b[32mINFO\u001b[0m", "message": "\u2705 LinkedIn generator initialized", "filename": "logger.py", "lineno": 130}
{"asctime": "2026-02-14 02:17:32,649", "name": "__main__", "levelname": "\u001b[32mINFO\u001b[0m", "message": "\u2705 LinkedIn generator initialized", "filename": "logger.py", "lineno": 130}
{"asctime": "2026-02-14 02:18:08,340", "name": "__main__", "levelname": "\u001b[32mINFO\u001b[0m", "message": "\u2705 LinkedIn generator initialized", "filename": "logger.py", "lineno": 130}
{"asctime": "2026-02-14 02:18:10,257", "name": "__main__", "levelname": "\u001b[32mINFO\u001b[0m", "message": "Generation completed successfully | mode=simple | duration_seconds=0.9767313003540039 | tokens_used=1284 | timestamp=2026-02-14T02:18:10.257814", "filename": "logger.py", "lineno": 128}
{"asctime": "2026-02-14 02:18:51,212", "name": "__main__", "levelname": "\u001b[32mINFO\u001b[0m", "message": "\u2705 LinkedIn generator initialized", "filename": "logger.py", "lineno": 130}
{"asctime": "2026-02-14 02:18:53,628", "name": "__main__", "levelname": "\u001b[32mINFO\u001b[0m", "message": "\u2705 LinkedIn generator initialized", "filename": "logger.py", "lineno": 130}
{"asctime": "2026-02-14 02:18:55,080", "name": "__main__", "levelname": "\u001b[32mINFO\u001b[0m", "message": "Generation completed successfully | mode=simple | duration_seconds=1.3511247634887695 | tokens_used=1387 | timestamp=2026-02-14T02:18:55.080441", "filename": "logger.py", "lineno": 128}
{"asctime": "2026-02-14 02:36:33,646", "name": "__main__", "levelname": "\u001b[32mINFO\u001b[0m", "message": "\u2705 LinkedIn generator initialized", "filename": "logger.py", "lineno": 130}
{"asctime": "2026-02-14 02:46:24,180", "name": "__main__", "levelname": "\u001b[32mINFO\u001b[0m", "message": "\u2705 LinkedIn generator initialized", "filename": "logger.py", "lineno": 130}
{"asctime": "2026-02-14 03:12:05,644", "name": "__main__", "levelname": "\u001b[32mINFO\u001b[0m", "message": "\u2705 LinkedIn generator initialized", "filename": "logger.py", "lineno": 130}
{"asctime": "2026-02-14 03:13:23,109", "name": "__main__", "levelname": "\u001b[32mINFO\u001b[0m", "message": "\u2705 LinkedIn generator initialized", "filename": "logger.py", "lineno": 130}
{"asctime": "2026-02-14 03:13:27,067", "name": "__main__", "levelname": "\u001b[32mINFO\u001b[0m", "message": "\u2705 LinkedIn generator initialized", "filename": "logger.py", "lineno": 130}
{"asctime": "2026-02-14 03:13:28,166", "name": "__main__", "levelname": "\u001b[32mINFO\u001b[0m", "message": "\u2705 LinkedIn generator initialized", "filename": "logger.py", "lineno": 130}
{"asctime": "2026-02-14 03:13:30,112", "name": "__main__", "levelname": "\u001b[32mINFO\u001b[0m", "message": "\u2705 Specificity enforcement applied", "filename": "logger.py", "lineno": 130}
{"asctime": "2026-02-14 03:13:30,932", "name": "__main__", "levelname": "\u001b[32mINFO\u001b[0m", "message": "\u2705 Context grounding applied", "filename": "logger.py", "lineno": 130}
{"asctime": "2026-02-14 03:13:31,584", "name": "__main__", "levelname": "\u001b[32mINFO\u001b[0m", "message": "\u2705 Quality score calculated", "filename": "logger.py", "lineno": 130}
{"asctime": "2026-02-14 03:13:31,588", "name": "__main__", "levelname": "\u001b[32mINFO\u001b[0m", "message": "Generation completed successfully | mode=simple | duration_seconds=3.3489978313446045 | tokens_used=1591 | timestamp=2026-02-14T03:13:31.588928", "filename": "logger.py", "lineno": 128}
{"asctime": "2026-02-14 03:14:00,249", "name": "__main__", "levelname": "\u001b[32mINFO\u001b[0m", "message": "\u2705 LinkedIn generator initialized", "filename": "logger.py", "lineno": 130}
{"asctime": "2026-02-14 03:14:01,194", "name": "__main__", "levelname": "\u001b[32mINFO\u001b[0m", "message": "\u2705 LinkedIn generator initialized", "filename": "logger.py", "lineno": 130}
{"asctime": "2026-02-14 03:14:03,372", "name": "__main__", "levelname": "\u001b[32mINFO\u001b[0m", "message": "\u2705 Specificity enforcement applied", "filename": "logger.py", "lineno": 130}
{"asctime": "2026-02-14 03:14:04,753", "name": "__main__", "levelname": "\u001b[32mINFO\u001b[0m", "message": "\u2705 Context grounding applied", "filename": "logger.py", "lineno": 130}
{"asctime": "2026-02-14 03:14:17,570", "name": "__main__", "levelname": "\u001b[32mINFO\u001b[0m", "message": "\u2705 Quality score calculated", "filename": "logger.py", "lineno": 130}
{"asctime": "2026-02-14 03:14:17,574", "name": "__main__", "levelname": "\u001b[32mINFO\u001b[0m", "message": "Generation completed successfully | mode=simple | duration_seconds=16.308883905410767 | tokens_used=1691 | timestamp=2026-02-14T03:14:17.574371", "filename": "logger.py", "lineno": 128}
{"asctime": "2026-02-14 03:14:28,301", "name": "__main__", "levelname": "\u001b[32mINFO\u001b[0m", "message": "\u2705 LinkedIn generator initialized", "filename": "logger.py", "lineno": 130}
{"asctime": "2026-02-14 13:18:39,808", "name": "__main__", "levelname": "\u001b[32mINFO\u001b[0m", "message": "\u2705 LinkedIn generator initialized", "filename": "logger.py", "lineno": 130}
{"asctime": "2026-02-14 13:19:01,599", "name": "__main__", "levelname": "\u001b[32mINFO\u001b[0m", "message": "\u2705 LinkedIn generator initialized", "filename": "logger.py", "lineno": 130}
{"asctime": "2026-02-14 13:19:23,660", "name": "__main__", "levelname": "\u001b[32mINFO\u001b[0m", "message": "\u2705 LinkedIn generator initialized", "filename": "logger.py", "lineno": 130}
{"asctime": "2026-02-14 13:19:27,115", "name": "__main__", "levelname": "\u001b[32mINFO\u001b[0m", "message": "\u2705 LinkedIn generator initialized", "filename": "logger.py", "lineno": 130}
{"asctime": "2026-02-14 13:19:33,797", "name": "__main__", "levelname": "\u001b[32mINFO\u001b[0m", "message": "\u2705 LinkedIn generator initialized", "filename": "logger.py", "lineno": 130}
{"asctime": "2026-02-14 13:19:35,283", "name": "__main__", "levelname": "\u001b[32mINFO\u001b[0m", "message": "\u2705 LinkedIn generator initialized", "filename": "logger.py", "lineno": 130}
{"asctime": "2026-02-14 13:19:37,647", "name": "__main__", "levelname": "\u001b[32mINFO\u001b[0m", "message": "\u2705 Specificity enforcement applied", "filename": "logger.py", "lineno": 130}
{"asctime": "2026-02-14 13:19:38,549", "name": "__main__", "levelname": "\u001b[32mINFO\u001b[0m", "message": "\u2705 Context grounding applied", "filename": "logger.py", "lineno": 130}
{"asctime": "2026-02-14 13:19:39,223", "name": "__main__", "levelname": "\u001b[32mINFO\u001b[0m", "message": "\u2705 Quality score calculated", "filename": "logger.py", "lineno": 130}
{"asctime": "2026-02-14 13:19:39,316", "name": "__main__", "levelname": "\u001b[32mINFO\u001b[0m", "message": "Generation completed successfully | mode=simple | duration_seconds=3.9542605876922607 | tokens_used=1713 | timestamp=2026-02-14T13:19:39.316881", "filename": "logger.py", "lineno": 128}
{"asctime": "2026-02-14 13:36:02,149", "name": "__main__", "levelname": "\u001b[32mINFO\u001b[0m", "message": "\u2705 LinkedIn generator initialized", "filename": "logger.py", "lineno": 130}
{"asctime": "2026-02-14 13:51:02,116", "name": "__main__", "levelname": "\u001b[32mINFO\u001b[0m", "message": "\u2705 LinkedIn generator initialized", "filename": "logger.py", "lineno": 130}
{"asctime": "2026-02-14 13:51:14,538", "name": "__main__", "levelname": "\u001b[32mINFO\u001b[0m", "message": "\u2705 LinkedIn generator initialized", "filename": "logger.py", "lineno": 130}
{"asctime": "2026-02-14 13:51:17,517", "name": "__main__", "levelname": "\u001b[32mINFO\u001b[0m", "message": "\u2705 LinkedIn generator initialized", "filename": "logger.py", "lineno": 130}
{"asctime": "2026-02-14 13:51:19,441", "name": "__main__", "levelname": "\u001b[32mINFO\u001b[0m", "message": "\u2705 LinkedIn generator initialized", "filename": "logger.py", "lineno": 130}
{"asctime": "2026-02-14 13:52:46,949", "name": "__main__", "levelname": "\u001b[32mINFO\u001b[0m", "message": "\u2705 Specificity enforcement applied", "filename": "logger.py", "lineno": 130}
{"asctime": "2026-02-14 13:52:47,707", "name": "__main__", "levelname": "\u001b[32mINFO\u001b[0m", "message": "\u2705 Context grounding applied", "filename": "logger.py", "lineno": 130}
{"asctime": "2026-02-14 13:52:48,384", "name": "__main__", "levelname": "\u001b[32mINFO\u001b[0m", "message": "\u2705 Quality score calculated", "filename": "logger.py", "lineno": 130}
{"asctime": "2026-02-14 13:52:48,387", "name": "__main__", "levelname": "\u001b[32mINFO\u001b[0m", "message": "Generation completed successfully | mode=simple | duration_seconds=88.51571154594421 | tokens_used=2176 | timestamp=2026-02-14T13:52:48.387959", "filename": "logger.py", "lineno": 128}
{"asctime": "2026-02-14 13:54:15,979", "name": "__main__", "levelname": "\u001b[32mINFO\u001b[0m", "message": "\u2705 LinkedIn generator initialized", "filename": "logger.py", "lineno": 130}
{"asctime": "2026-02-14 13:54:21,806", "name": "__main__", "levelname": "\u001b[32mINFO\u001b[0m", "message": "\u2705 LinkedIn generator initialized", "filename": "logger.py", "lineno": 130}
{"asctime": "2026-02-14 13:54:35,138", "name": "__main__", "levelname": "\u001b[32mINFO\u001b[0m", "message": "\u2705 LinkedIn generator initialized", "filename": "logger.py", "lineno": 130}
{"asctime": "2026-02-14 13:54:38,799", "name": "__main__", "levelname": "\u001b[32mINFO\u001b[0m", "message": "\u2705 LinkedIn generator initialized", "filename": "logger.py", "lineno": 130}
{"asctime": "2026-02-14 13:54:41,500", "name": "__main__", "levelname": "\u001b[32mINFO\u001b[0m", "message": "\u2705 LinkedIn generator initialized", "filename": "logger.py", "lineno": 130}
{"asctime": "2026-02-14 13:54:42,238", "name": "__main__", "levelname": "\u001b[32mINFO\u001b[0m", "message": "\u2705 LinkedIn generator initialized", "filename": "logger.py", "lineno": 130}
{"asctime": "2026-02-14 13:57:44,101", "name": "__main__", "levelname": "\u001b[32mINFO\u001b[0m", "message": "\u2705 Specificity enforcement applied", "filename": "logger.py", "lineno": 130}
{"asctime": "2026-02-14 13:57:44,723", "name": "__main__", "levelname": "\u001b[32mINFO\u001b[0m", "message": "\u2705 Context grounding applied", "filename": "logger.py", "lineno": 130}
{"asctime": "2026-02-14 13:57:45,447", "name": "__main__", "levelname": "\u001b[32mINFO\u001b[0m", "message": "\u2705 Quality score calculated", "filename": "logger.py", "lineno": 130}
{"asctime": "2026-02-14 13:57:45,451", "name": "__main__", "levelname": "\u001b[32mINFO\u001b[0m", "message": "Generation completed successfully | mode=advanced | duration_seconds=183.14883875846863 | tokens_used=1407 | timestamp=2026-02-14T13:57:45.451573", "filename": "logger.py", "lineno": 128}
