{"asctime": "2026-02-12 21:26:30,705", "name": "__main__", "levelname": "\u001b[31mERROR\u001b[0m", "message": "\u274c Failed to initialize generator: GROQ_API_KEY not set. Please set it in .env or environment variables", "filename": "logger.py", "lineno": 130}
{"asctime": "2026-02-12 21:37:20,409", "name": "__main__", "levelname": "\u001b[32mINFO\u001b[0m", "message": "\u2705 LinkedIn generator initialized", "filename": "logger.py", "lineno": 130}
{"asctime": "2026-02-12 21:46:47,913", "name": "__main__", "levelname": "\u001b[32mINFO\u001b[0m", "message": "\u2705 LinkedIn generator initialized", "filename": "logger.py", "lineno": 130}
{"asctime": "2026-02-12 21:46:47,913", "name": "__main__", "levelname": "\u001b[0m\u001b[32mINFO\u001b[0m\u001b[0m", "message": "\u2705 LinkedIn generator initialized", "filename": "logger.py", "lineno": 130}
{"asctime": "2026-02-12 21:46:47,971", "name": "__main__", "levelname": "\u001b[32mINFO\u001b[0m", "message": "\u2705 LinkedIn generator initialized", "filename": "logger.py", "lineno": 130}
{"asctime": "2026-02-12 21:46:47,971", "name": "__main__", "levelname": "\u001b[0m\u001b[32mINFO\u001b[0m\u001b[0m", "message": "\u2705 LinkedIn generator initialized", "filename": "logger.py", "lineno": 130}
{"asctime": "2026-02-12 21:46:51,160", "name": "__main__", "levelname": "\u001b[32mINFO\u001b[0m", "message": "\u2705 LinkedIn generator initialized", "filename": "logger.py", "lineno": 130}
{"asctime": "2026-02-12 21:46:56,916", "name": "__main__", "levelname": "\u001b[32mINFO\u001b[0m", "message": "\u2705 LinkedIn generator initialized", "filename": "logger.py", "lineno": 130}
{"asctime": "2026-02-12 21:46:59,127", "name": "__main__", "levelname": "\u001b[32mINFO\u001b[0m", "message": "\u2705 LinkedIn generator initialized", "filename": "logger.py", "lineno": 130}
{"asctime": "2026-02-12 21:47:00,166", "name": "__main__", "levelname": "\u001b[32mINFO\u001b[0m", "message": "\u2705 LinkedIn generator initialized", "filename": "logger.py", "lineno": 130}
{"asctime": "2026-02-12 21:47:01,549", "name": "__main__", "levelname": "\u001b[32mINFO\u001b[0m", "message": "Generation completed successfully | mode=simple | duration_seconds=1.2548878192901611 | tokens_used=561 | timestamp=2026-02-12T21:47:01.549110", "filename": "logger.py", "lineno": 128}
{"asctime": "2026-02-12 21:48:05,354", "name": "__main__", "levelname": "\u001b[32mINFO\u001b[0m", "message": "\u2705 LinkedIn generator initialized", "filename": "logger.py", "lineno": 130}
{"asctime": "2026-02-12 21:48:47,270", "name": "__main__", "levelname": "\u001b[32mINFO\u001b[0m", "message": "\u2705 LinkedIn generator initialized", "filename": "logger.py", "lineno": 130}
{"asctime": "2026-02-12 21:48:47,906", "name": "__main__", "levelname": "\u001b[32mINFO\u001b[0m", "message": "\u2705 LinkedIn generator initialized", "filename": "logger.py", "lineno": 130}
{"asctime": "2026-02-12 21:48:52,754", "name": "__main__", "levelname": "\u001b[32mINFO\u001b[0m", "message": "\u2705 LinkedIn generator initialized", "filename": "logger.py", "lineno": 130}
{"asctime": "2026-02-12 21:48:55,533", "name": "__main__", "levelname": "\u001b[32mINFO\u001b[0m", "message": "\u2705 LinkedIn generator initialized", "filename": "logger.py", "lineno": 130}
{"asctime": "2026-02-12 21:49:03,657", "name": "__main__", "levelname": "\u001b[32mINFO\u001b[0m", "message": "\u2705 LinkedIn generator initialized", "filename": "logger.py", "lineno": 130}
{"asctime": "2026-02-12 21:49:05,735", "name": "__main__", "levelname": "\u001b[32mINFO\u001b[0m", "message": "\u2705 LinkedIn generator initialized", "filename": "logger.py", "lineno": 130}
{"asctime": "2026-02-12 21:49:07,133", "name": "__main__", "levelname": "\u001b[32mINFO\u001b[0m", "message": "Generation completed successfully | mode=simple | duration_seconds=1.2102930545806885 | tokens_used=589 | timestamp=2026-02-12T21:49:07.132607", "filename": "logger.py", "lineno": 128}
{"asctime": "2026-02-12 21:49:39,987", "name": "__main__", "levelname": "\u001b[32mINFO\u001b[0m", "message": "\u2705 LinkedIn generator initialized", "filename": "logger.py", "lineno": 130}
{"asctime": "2026-02-12 21:50:26,352", "name": "__main__", "levelname": "\u001b[32mINFO\u001b[0m", "message": "\u2705 LinkedIn generator initialized", "filename": "logger.py", "lineno": 130}
{"asctime": "2026-02-12 21:50:27,988", "name": "__main__", "levelname": "\u001b[32mINFO\u001b[0m", "message": "\u2705 LinkedIn generator initialized", "filename": "logger.py", "lineno": 130}
{"asctime": "2026-02-12 21:52:20,145", "name": "__main__", "levelname": "\u001b[32mINFO\u001b[0m", "message": "\u2705 LinkedIn generator initialized", "filename": "logger.py", "lineno": 130}
{"asctime": "2026-02-12 21:52:23,555", "name": "__main__", "levelname": "\u001b[32mINFO\u001b[0m", "message": "\u2705 LinkedIn generator initialized", "filename": "logger.py", "lineno": 130}
{"asctime": "2026-02-12 21:52:26,343", "name": "__main__", "levelname": "\u001b[32mINFO\u001b[0m", "message": "\u2705 LinkedIn generator initialized", "filename": "logger.py", "lineno": 130}
{"asctime": "2026-02-12 21:52:29,456", "name": "__main__", "levelname": "\u001b[32mINFO\u001b[0m", "message": "\u2705 LinkedIn generator initialized", "filename": "logger.py", "lineno": 130}
{"asctime": "2026-02-12 21:52:30,786", "name": "__main__", "levelname": "\u001b[32mINFO\u001b[0m", "message": "Generation completed successfully | mode=simple | duration_seconds=1.1350672245025635 | tokens_used=771 | timestamp=2026-02-12T21:52:30.786926", "filename": "logger.py", "lineno": 128}
{"asctime": "2026-02-12 21:53:56,632", "name": "__main__", "levelname": "\u001b[32mINFO\u001b[0m", "message": "\u2705 LinkedIn generator initialized", "filename": "logger.py", "lineno": 130}
{"asctime": "2026-02-12 21:53:58,956", "name": "__main__", "levelname": "\u001b[32mINFO\u001b[0m", "message": "\u2705 LinkedIn generator initialized", "filename": "logger.py", "lineno": 130}
{"asctime": "2026-02-12 21:54:01,939", "name": "__main__", "levelname": "\u001b[32mINFO\u001b[0m", "message": "\u2705 LinkedIn generator initialized", "filename": "logger.py", "lineno": 130}
{"asctime": "2026-02-12 21:54:04,465", "name": "__main__", "levelname": "\u001b[32mINFO\u001b[0m", "message": "Generation completed successfully | mode=simple | duration_seconds=2.310353994369507 | tokens_used=525 | timestamp=2026-02-12T21:54:04.465185", "filename": "logger.py", "lineno": 128}
{"asctime": "2026-02-12 22:06:27,863", "name": "__main__", "levelname": "\u001b[32mINFO\u001b[0m", "message": "\u2705 LinkedIn generator initialized", "filename": "logger.py", "lineno": 130}
{"asctime": "2026-02-12 22:06:22,249", "name": "__main__", "levelname": "\u001b[32mINFO\u001b[0m", "message": "\u2705 LinkedIn generator initialized", "filename": "logger.py", "lineno": 130}
{"asctime": "2026-02-12 22:08:02,396", "name": "__main__", "levelname": "\u001b[32mINFO\u001b[0m", "message": "\u2705 LinkedIn generator initialized", "filename": "logger.py", "lineno": 130}
{"asctime": "2026-02-12 22:10:20,623", "name": "__main__", "levelname": "\u001b[32mINFO\u001b[0m", "message": "\u2705 LinkedIn generator initialized", "filename": "logger.py", "lineno": 130}
{"asctime": "2026-02-12 22:10:20,623", "name": "__main__", "levelname": "\u001b[32mINFO\u001b[0m", "message": "\u2705 LinkedIn generator initialized", "filename": "logger.py", "lineno": 130}
{"asctime": "2026-02-12 22:10:20,628", "name": "__main__", "levelname": "\u001b[32mINFO\u001b[0m", "message": "\u2705 LinkedIn generator initialized", "filename": "logger.py", "lineno": 130}
{"asctime": "2026-02-12 22:10:20,623", "name": "__main__", "levelname": "\u001b[32mINFO\u001b[0m", "message": "\u2705 LinkedIn generator initialized", "filename": "logger.py", "lineno": 130}
{"asctime": "2026-02-12 22:10:20,628", "name": "__main__", "levelname": "\u001b[32mINFO\u001b[0m", "message": "\u2705 LinkedIn generator initialized", "filename": "logger.py", "lineno": 130}
{"asctime": "2026-02-12 22:10:20,623", "name": "__main__", "levelname": "\u001b[32mINFO\u001b[0m", "message": "\u2705 LinkedIn generator initialized", "filename": "logger.py", "lineno": 130}
{"asctime": "2026-02-12 22:10:20,628", "name": "__main__", "levelname": "\u001b[32mINFO\u001b[0m", "message": "\u2705 LinkedIn generator initialized", "filename": "logger.py", "lineno": 130}
{"asctime": "2026-02-12 22:10:20,623", "name": "__main__", "levelname": "\u001b[32mINFO\u001b[0m", "message": "\u2705 LinkedIn generator initialized", "filename": "logger.py", "lineno": 130}
{"asctime": "2026-02-12 22:10:20,628", "name": "__main__", "levelname": "\u001b[32mINFO\u001b[0m", "message": "\u2705 LinkedIn generator initialized", "filename": "logger.py", "lineno": 130}
{"asctime": "2026-02-12 22:10:20,623", "name": "__main__", "levelname": "\u001b[32mINFO\u001b[0m", "message": "\u2705 LinkedIn generator initialized", "filename": "logger.py", "lineno": 130}
{"asctime": "2026-02-12 22:10:20,628", "name": "__main__", "levelname": "\u001b[32mINFO\u001b[0m", "message": "\u2705 LinkedIn generator initialized", "filename": "logger.py", "lineno": 130}
{"asctime": "2026-02-12 22:10:20,628", "name": "__main__", "levelname": "\u001b[32mINFO\u001b[0m", "message": "\u2705 LinkedIn generator initialized", "filename": "logger.py", "lineno": 130}
{"asctime": "2026-02-12 22:10:20,635", "name": "__main__", "levelname": "\u001b[32mINFO\u001b[0m", "message": "\u2705 LinkedIn generator initialized", "filename": "logger.py", "lineno": 130}
{"asctime": "2026-02-12 22:10:20,635", "name": "__main__", "levelname": "\u001b[32mINFO\u001b[0m", "message": "\u2705 LinkedIn generator initialized", "filename": "logger.py", "lineno": 130}
{"asctime": "2026-02-12 22:10:20,635", "name": "__main__", "levelname": "\u001b[32mINFO\u001b[0m", "message": "\u2705 LinkedIn generator initialized", "filename": "logger.py", "lineno": 130}
{"asctime": "2026-02-12 22:10:20,638", "name": "__main__", "levelname": "\u001b[32mINFO\u001b[0m", "message": "\u2705 LinkedIn generator initialized", "filename": "logger.py", "lineno": 130}
{"asctime": "2026-02-12 22:10:20,635", "name": "__main__", "levelname": "\u001b[32mINFO\u001b[0m", "message": "\u2705 LinkedIn generator initialized", "filename": "logger.py", "lineno": 130}
{"asctime": "2026-02-12 22:10:20,638", "name": "__main__", "levelname": "\u001b[32mINFO\u001b[0m", "message": "\u2705 LinkedIn generator initialized", "filename": "logger.py", "lineno": 130}
{"asctime": "2026-02-12 22:10:20,638", "name": "__main__", "levelname": "\u001b[32mINFO\u001b[0m", "message": "\u2705 LinkedIn generator initialized", "filename": "logger.py", "lineno": 130}
{"asctime": "2026-02-12 22:10:20,635", "name": "__main__", "levelname": "\u001b[32mINFO\u001b[0m", "message": "\u2705 LinkedIn generator initialized", "filename": "logger.py", "lineno": 130}
{"asctime": "2026-02-12 22:10:20,638", "name": "__main__", "levelname": "\u001b[32mINFO\u001b[0m", "message": "\u2705 LinkedIn generator initialized", "filename": "logger.py", "lineno": 130}
{"asctime": "2026-02-12 22:10:20,635", "name": "__main__", "levelname": "\u001b[32mINFO\u001b[0m", "message": "\u2705 LinkedIn generator initialized", "filename": "logger.py", "lineno": 130}
{"asctime": "2026-02-12 22:10:20,638", "name": "__main__", "levelname": "\u001b[32mINFO\u001b[0m", "message": "\u2705 LinkedIn generator initialized", "filename": "logger.py", "lineno": 130}
{"asctime": "2026-02-12 22:10:20,638", "name": "__main__", "levelname": "\u001b[32mINFO\u001b[0m", "message": "\u2705 LinkedIn generator initialized", "filename": "logger.py", "lineno": 130}
{"asctime": "2026-02-12 22:10:20,642", "name": "__main__", "levelname": "\u001b[32mINFO\u001b[0m", "message": "\u2705 LinkedIn generator initialized", "filename": "logger.py", "lineno": 130}
{"asctime": "2026-02-12 22:10:20,642", "name": "__main__", "levelname": "\u001b[32mINFO\u001b[0m", "message": "\u2705 LinkedIn generator initialized", "filename": "logger.py", "lineno": 130}
{"asctime": "2026-02-12 22:10:20,642", "name": "__main__", "levelname": "\u001b[32mINFO\u001b[0m", "message": "\u2705 LinkedIn generator initialized", "filename": "logger.py", "lineno": 130}
{"asctime": "2026-02-12 22:10:20,642", "name": "__main__", "levelname": "\u001b[32mINFO\u001b[0m", "message": "\u2705 LinkedIn generator initialized", "filename": "logger.py", "lineno": 130}
{"asctime": "2026-02-12 22:10:20,642", "name": "__main__", "levelname": "\u001b[32mINFO\u001b[0m", "message": "\u2705 LinkedIn generator initialized", "filename": "logger.py", "lineno": 130}
{"asctime": "2026-02-12 22:10:20,642", "name": "__main__", "levelname": "\u001b[32mINFO\u001b[0m", "message": "\u2705 LinkedIn generator initialized", "filename": "logger.py", "lineno": 130}
{"asctime": "2026-02-12 22:10:20,642", "name": "__main__", "levelname": "\u001b[32mINFO\u001b[0m", "message": "\u2705 LinkedIn generator initialized", "filename": "logger.py", "lineno": 130}
{"asctime": "2026-02-12 22:10:20,642", "name": "__main__", "levelname": "\u001b[32mINFO\u001b[0m", "message": "\u2705 LinkedIn generator initialized", "filename": "logger.py", "lineno": 130}
{"asctime": "2026-02-12 22:10:20,642", "name": "__main__", "levelname": "\u001b[32mINFO\u001b[0m", "message": "\u2705 LinkedIn generator initialized", "filename": "logger.py", "lineno": 130}
{"asctime": "2026-02-12 22:10:20,642", "name": "__main__", "levelname": "\u001b[32mINFO\u001b[0m", "message": "\u2705 LinkedIn generator initialized", "filename": "logger.py", "lineno": 130}
{"asctime": "2026-02-12 22:10:20,642", "name": "__main__", "levelname": "\u001b[32mINFO\u001b[0m", "message": "\u2705 LinkedIn generator initialized", "filename": "logger.py", "lineno": 130}
{"asctime": "2026-02-12 22:10:20,642", "name": "__main__", "levelname": "\u001b[32mINFO\u001b[0m", "message": "\u2705 LinkedIn generator initialized", "filename": "logger.py", "lineno": 130}
{"asctime": "2026-02-12 22:10:25,767", "name": "__main__", "levelname": "\u001b[32mINFO\u001b[0m", "message": "\u2705 LinkedIn generator initialized", "filename": "logger.py", "lineno": 130}
{"asctime": "2026-02-12 22:10:39,499", "name": "__main__", "levelname": "\u001b[32mINFO\u001b[0m", "message": "\u2705 LinkedIn generator initialized", "filename": "logger.py", "lineno": 130}
{"asctime": "2026-02-12 22:10:42,522", "name": "__main__", "levelname": "\u001b[32mINFO\u001b[0m", "message": "\u2705 LinkedIn generator initialized", "filename": "logger.py", "lineno": 130}
{"asctime": "2026-02-12 22:10:48,559", "name": "__main__", "levelname": "\u001b[32mINFO\u001b[0m", "message": "\u2705 LinkedIn generator initialized", "filename": "logger.py", "lineno": 130}
{"asctime": "2026-02-12 22:11:06,777", "name": "__main__", "levelname": "\u001b[32mINFO\u001b[0m", "message": "\u2705 LinkedIn generator initialized", "filename": "logger.py", "lineno": 130}
{"asctime": "2026-02-12 22:11:11,286", "name": "__main__", "levelname": "\u001b[32mINFO\u001b[0m", "message": "\u2705 LinkedIn generator initialized", "filename": "logger.py", "lineno": 130}
{"asctime": "2026-02-12 22:11:14,003", "name": "__main__", "levelname": "\u001b[32mINFO\u001b[0m", "message": "\u2705 LinkedIn generator initialized", "filename": "logger.py", "lineno": 130}
{"asctime": "2026-02-12 22:11:18,228", "name": "__main__", "levelname": "\u001b[32mINFO\u001b[0m", "message": "\u2705 LinkedIn generator initialized", "filename": "logger.py", "lineno": 130}
{"asctime": "2026-02-12 22:11:19,680", "name": "__main__", "levelname": "\u001b[32mINFO\u001b[0m", "message": "Generation completed successfully | mode=simple | duration_seconds=1.3935000896453857 | tokens_used=662 | timestamp=2026-02-12T22:11:19.680127", "filename": "logger.py", "lineno": 128}
{"asctime": "2026-02-12 22:11:28,724", "name": "__main__", "levelname": "\u001b[32mINFO\u001b[0m", "message": "\u2705 LinkedIn generator initialized", "filename": "logger.py", "lineno": 130}
{"asctime": "2026-02-12 22:11:37,528", "name": "__main__", "levelname": "\u001b[32mINFO\u001b[0m", "message": "\u2705 LinkedIn generator initialized", "filename": "logger.py", "lineno": 130}
{"asctime": "2026-02-12 22:11:37,860", "name": "__main__", "levelname": "\u001b[32mINFO\u001b[0m", "message": "\u2705 LinkedIn generator initialized", "filename": "logger.py", "lineno": 130}
{"asctime": "2026-02-12 22:11:45,527", "name": "__main__", "levelname": "\u001b[32mINFO\u001b[0m", "message": "\u2705 LinkedIn generator initialized", "filename": "logger.py", "lineno": 130}
{"asctime": "2026-02-12 22:11:45,870", "name": "__main__", "levelname": "\u001b[32mINFO\u001b[0m", "message": "\u2705 LinkedIn generator initialized", "filename": "logger.py", "lineno": 130}
{"asctime": "2026-02-12 22:11:50,476", "name": "__main__", "levelname": "\u001b[32mINFO\u001b[0m", "message": "\u2705 LinkedIn generator initialized", "filename": "logger.py", "lineno": 130}
{"asctime": "2026-02-12 22:11:50,793", "name": "__main__", "levelname": "\u001b[32mINFO\u001b[0m", "message": "\u2705 LinkedIn generator initialized", "filename": "logger.py", "lineno": 130}
{"asctime": "2026-02-12 22:12:00,373", "name": "__main__", "levelname": "\u001b[32mINFO\u001b[0m", "message": "\u2705 LinkedIn generator initialized", "filename": "logger.py", "lineno": 130}
{"asctime": "2026-02-12 22:12:00,874", "name": "__main__", "levelname": "\u001b[32mINFO\u001b[0m", "message": "\u2705 LinkedIn generator initialized", "filename": "logger.py", "lineno": 130}
{"asctime": "2026-02-12 22:12:05,852", "name": "__main__", "levelname": "\u001b[32mINFO\u001b[0m", "message": "\u2705 LinkedIn generator initialized", "filename": "logger.py", "lineno": 130}
{"asctime": "2026-02-12 22:12:12,291", "name": "__main__", "levelname": "\u001b[32mINFO\u001b[0m", "message": "\u2705 LinkedIn generator initialized", "filename": "logger.py", "lineno": 130}
{"asctime": "2026-02-12 22:12:20,391", "name": "__main__", "levelname": "\u001b[32mINFO\u001b[0m", "message": "\u2705 LinkedIn generator initialized", "filename": "logger.py", "lineno": 130}
{"asctime": "2026-02-12 22:12:20,781", "name": "__main__", "levelname": "\u001b[32mINFO\u001b[0m", "message": "\u2705 LinkedIn generator initialized", "filename": "logger.py", "lineno": 130}
{"asctime": "2026-02-12 22:15:51,581", "name": "__main__", "levelname": "\u001b[32mINFO\u001b[0m", "message": "\u2705 LinkedIn generator initialized", "filename": "logger.py", "lineno": 130}
{"asctime": "2026-02-12 22:15:51,581", "name": "__main__", "levelname": "\u001b[32mINFO\u001b[0m", "message": "\u2705 LinkedIn generator initialized", "filename": "logger.py", "lineno": 130}
{"asctime": "2026-02-12 22:15:51,581", "name": "__main__", "levelname": "\u001b[32mINFO\u001b[0m", "message": "\u2705 LinkedIn generator initialized", "filename": "logger.py", "lineno": 130}
{"asctime": "2026-02-12 22:15:51,581", "name": "__main__", "levelname": "\u001b[32mINFO\u001b[0m", "message": "\u2705 LinkedIn generator initialized", "filename": "logger.py", "lineno": 130}
{"asctime": "2026-02-12 22:15:51,581", "name": "__main__", "levelname": "\u001b[32mINFO\u001b[0m", "message": "\u2705 LinkedIn generator initialized", "filename": "logger.py", "lineno": 130}
{"asctime": "2026-02-12 22:15:51,587", "name": "__main__", "levelname": "\u001b[32mINFO\u001b[0m", "message": "\u2705 LinkedIn generator initialized", "filename": "logger.py", "lineno": 130}
{"asctime": "2026-02-12 22:15:51,587", "name": "__main__", "levelname": "\u001b[32mINFO\u001b[0m", "message": "\u2705 LinkedIn generator initialized", "filename": "logger.py", "lineno": 130}
{"asctime": "2026-02-12 22:15:51,587", "name": "__main__", "levelname": "\u001b[32mINFO\u001b[0m", "message": "\u2705 LinkedIn generator initialized", "filename": "logger.py", "lineno": 130}
{"asctime": "2026-02-12 22:15:51,587", "name": "__main__", "levelname": "\u001b[32mINFO\u001b[0m", "message": "\u2705 LinkedIn generator initialized", "filename": "logger.py", "lineno": 130}
{"asctime": "2026-02-12 22:15:51,587", "name": "__main__", "levelname": "\u001b[32mINFO\u001b[0m", "message": "\u2705 LinkedIn generator initialized", "filename": "logger.py", "lineno": 130}
{"asctime": "2026-02-12 22:15:51,591", "name": "__main__", "levelname": "\u001b[32mINFO\u001b[0m", "message": "\u2705 LinkedIn generator initialized", "filename": "logger.py", "lineno": 130}
{"asctime": "2026-02-12 22:15:51,591", "name": "__main__", "levelname": "\u001b[32mINFO\u001b[0m", "message": "\u2705 LinkedIn generator initialized", "filename": "logger.py", "lineno": 130}
{"asctime": "2026-02-12 22:15:51,591", "name": "__main__", "levelname": "\u001b[32mINFO\u001b[0m", "message": "\u2705 LinkedIn generator initialized", "filename": "logger.py", "lineno": 130}
{"asctime": "2026-02-12 22:15:51,591", "name": "__main__", "levelname": "\u001b[32mINFO\u001b[0m", "message": "\u2705 LinkedIn generator initialized", "filename": "logger.py", "lineno": 130}
{"asctime": "2026-02-12 22:15:51,591", "name": "__main__", "levelname": "\u001b[32mINFO\u001b[0m", "message": "\u2705 LinkedIn generator initialized", "filename": "logger.py", "lineno": 130}
{"asctime": "2026-02-12 22:15:51,595", "name": "__main__", "levelname": "\u001b[32mINFO\u001b[0m", "message": "\u2705 LinkedIn generator initialized", "filename": "logger.py", "lineno": 130}
{"asctime": "2026-02-12 22:15:51,595", "name": "__main__", "levelname": "\u001b[32mINFO\u001b[0m", "message": "\u2705 LinkedIn generator initialized", "filename": "logger.py", "lineno": 130}
{"asctime": "2026-02-12 22:15:51,595", "name": "__main__", "levelname": "\u001b[32mINFO\u001b[0m", "message": "\u2705 LinkedIn generator initialized", "filename": "logger.py", "lineno": 130}
{"asctime": "2026-02-12 22:15:51,595", "name": "__main__", "levelname": "\u001b[32mINFO\u001b[0m", "message": "\u2705 LinkedIn generator initialized", "filename": "logger.py", "lineno": 130}
{"asctime": "2026-02-12 22:15:51,595", "name": "__main__", "levelname": "\u001b[32mINFO\u001b[0m", "message": "\u2705 LinkedIn generator initialized", "filename": "logger.py", "lineno": 130}
{"asctime": "2026-02-12 22:15:51,643", "name": "__main__", "levelname": "\u001b[32mINFO\u001b[0m", "message": "\u2705 LinkedIn generator initialized", "filename": "logger.py", "lineno": 130}
{"asctime": "2026-02-12 22:15:51,643", "name": "__main__", "levelname": "\u001b[32mINFO\u001b[0m", "message": "\u2705 LinkedIn generator initialized", "filename": "logger.py", "lineno": 130}
{"asctime": "2026-02-12 22:15:51,643", "name": "__main__", "levelname": "\u001b[32mINFO\u001b[0m", "message": "\u2705 LinkedIn generator initialized", "filename": "logger.py", "lineno": 130}
{"asctime": "2026-02-12 22:15:51,643", "name": "__main__", "levelname": "\u001b[32mINFO\u001b[0m", "message": "\u2705 LinkedIn generator initialized", "filename": "logger.py", "lineno": 130}
{"asctime": "2026-02-12 22:15:51,643", "name": "__main__", "levelname": "\u001b[32mINFO\u001b[0m", "message": "\u2705 LinkedIn generator initialized", "filename": "logger.py", "lineno": 130}
{"asctime": "2026-02-12 22:15:56,432", "name": "__main__", "levelname": "\u001b[32mINFO\u001b[0m", "message": "\u2705 LinkedIn generator initialized", "filename": "logger.py", "lineno": 130}
{"asctime": "2026-02-12 22:15:59,735", "name": "__main__", "levelname": "\u001b[32mINFO\u001b[0m", "message": "\u2705 LinkedIn generator initialized", "filename": "logger.py", "lineno": 130}
{"asctime": "2026-02-12 22:16:01,502", "name": "__main__", "levelname": "\u001b[32mINFO\u001b[0m", "message": "\u2705 LinkedIn generator initialized", "filename": "logger.py", "lineno": 130}
{"asctime": "2026-02-12 22:16:03,211", "name": "__main__", "levelname": "\u001b[32mINFO\u001b[0m", "message": "\u2705 LinkedIn generator initialized", "filename": "logger.py", "lineno": 130}
{"asctime": "2026-02-12 22:16:07,379", "name": "__main__", "levelname": "\u001b[32mINFO\u001b[0m", "message": "\u2705 LinkedIn generator initialized", "filename": "logger.py", "lineno": 130}
{"asctime": "2026-02-12 22:16:17,179", "name": "__main__", "levelname": "\u001b[32mINFO\u001b[0m", "message": "\u2705 LinkedIn generator initialized", "filename": "logger.py", "lineno": 130}
{"asctime": "2026-02-12 22:16:20,624", "name": "__main__", "levelname": "\u001b[32mINFO\u001b[0m", "message": "\u2705 LinkedIn generator initialized", "filename": "logger.py", "lineno": 130}
{"asctime": "2026-02-12 22:16:24,514", "name": "__main__", "levelname": "\u001b[32mINFO\u001b[0m", "message": "\u2705 LinkedIn generator initialized", "filename": "logger.py", "lineno": 130}
{"asctime": "2026-02-12 22:16:27,614", "name": "__main__", "levelname": "\u001b[32mINFO\u001b[0m", "message": "\u2705 LinkedIn generator initialized", "filename": "logger.py", "lineno": 130}
{"asctime": "2026-02-12 22:16:33,175", "name": "__main__", "levelname": "\u001b[32mINFO\u001b[0m", "message": "\u2705 LinkedIn generator initialized", "filename": "logger.py", "lineno": 130}
{"asctime": "2026-02-12 22:20:40,479", "name": "__main__", "levelname": "\u001b[32mINFO\u001b[0m", "message": "\u2705 LinkedIn generator initialized", "filename": "logger.py", "lineno": 130}
{"asctime": "2026-02-12 22:20:40,763", "name": "__main__", "levelname": "\u001b[32mINFO\u001b[0m", "message": "\u2705 LinkedIn generator initialized", "filename": "logger.py", "lineno": 130}
{"asctime": "2026-02-12 22:38:28,798", "name": "__main__", "levelname": "\u001b[32mINFO\u001b[0m", "message": "\u2705 LinkedIn generator initialized", "filename": "logger.py", "lineno": 130}
{"asctime": "2026-02-12 22:48:17,329", "name": "__main__", "levelname": "\u001b[32mINFO\u001b[0m", "message": "\u2705 LinkedIn generator initialized", "filename": "logger.py", "lineno": 130}
{"asctime": "2026-02-12 22:48:19,475", "name": "__main__", "levelname": "\u001b[32mINFO\u001b[0m", "message": "\u2705 LinkedIn generator initialized", "filename": "logger.py", "lineno": 130}
{"asctime": "2026-02-12 22:48:28,946", "name": "__main__", "levelname": "\u001b[32mINFO\u001b[0m", "message": "\u2705 LinkedIn generator initialized", "filename": "logger.py", "lineno": 130}
{"asctime": "2026-02-12 22:48:30,263", "name": "__main__", "levelname": "\u001b[32mINFO\u001b[0m", "message": "\u2705 LinkedIn generator initialized", "filename": "logger.py", "lineno": 130}
{"asctime": "2026-02-12 22:48:32,044", "name": "__main__", "levelname": "\u001b[32mINFO\u001b[0m", "message": "\u2705 LinkedIn generator initialized", "filename": "logger.py", "lineno": 130}
{"asctime": "2026-02-12 22:48:33,150", "name": "__main__", "levelname": "\u001b[32mINFO\u001b[0m", "message": "Generation completed successfully | mode=advanced | duration_seconds=1.047163724899292 | tokens_used=0 | timestamp=2026-02-12T22:48:33.149064", "filename": "logger.py", "lineno": 128}
{"asctime": "2026-02-12 22:49:51,531", "name": "__main__", "levelname": "\u001b[32mINFO\u001b[0m", "message": "\u2705 LinkedIn generator initialized", "filename": "logger.py", "lineno": 130}
{"asctime": "2026-02-12 22:52:20,805", "name": "__main__", "levelname": "\u001b[32mINFO\u001b[0m", "message": "\u2705 LinkedIn generator initialized", "filename": "logger.py", "lineno": 130}
{"asctime": "2026-02-12 22:52:41,056", "name": "__main__", "levelname": "\u001b[32mINFO\u001b[0m", "message": "\u2705 LinkedIn generator initialized", "filename": "logger.py", "lineno": 130}
{"asctime": "2026-02-12 22:52:45,359", "name": "__main__", "levelname": "\u001b[32mINFO\u001b[0m", "message": "\u2705 LinkedIn generator initialized", "filename": "logger.py", "lineno": 130}
{"asctime": "2026-02-12 22:52:45,677", "name": "__main__", "levelname": "\u001b[32mINFO\u001b[0m", "message": "\u2705 LinkedIn generator initialized", "filename": "logger.py", "lineno": 130}
{"asctime": "2026-02-12 22:52:46,625", "name": "__main__", "levelname": "\u001b[32mINFO\u001b[0m", "message": "Generation completed successfully | mode=advanced | duration_seconds=0.9046392440795898 | tokens_used=763 | timestamp=2026-02-12T22:52:46.625735", "filename": "logger.py", "lineno": 128}
{"asctime": "2026-02-12 22:53:28,748", "name": "__main__", "levelname": "\u001b[32mINFO\u001b[0m", "message": "\u2705 LinkedIn generator initialized", "filename": "logger.py", "lineno": 130}
{"asctime": "2026-02-12 22:53:31,220", "name": "__main__", "levelname": "\u001b[32mINFO\u001b[0m", "message": "\u2705 LinkedIn generator initialized", "filename": "logger.py", "lineno": 130}
{"asctime": "2026-02-12 22:53:34,546", "name": "__main__", "levelname": "\u001b[32mINFO\u001b[0m", "message": "\u2705 LinkedIn generator initialized", "filename": "logger.py", "lineno": 130}
{"asctime": "2026-02-12 22:53:35,412", "name": "__main__", "levelname": "\u001b[32mINFO\u001b[0m", "message": "\u2705 LinkedIn generator initialized", "filename": "logger.py", "lineno": 130}
{"asctime": "2026-02-12 22:53:36,404", "name": "__main__", "levelname": "\u001b[32mINFO\u001b[0m", "message": "Generation completed successfully | mode=advanced | duration_seconds=0.9448506832122803 | tokens_used=753 | timestamp=2026-02-12T22:53:36.403895", "filename": "logger.py", "lineno": 128}
{"asctime": "2026-02-12 23:06:30,052", "name": "__main__", "levelname": "\u001b[32mINFO\u001b[0m", "message": "\u2705 LinkedIn generator initialized", "filename": "logger.py", "lineno": 130}
{"asctime": "2026-02-12 23:06:46,944", "name": "__main__", "levelname": "\u001b[32mINFO\u001b[0m", "message": "\u2705 LinkedIn generator initialized", "filename": "logger.py", "lineno": 130}
{"asctime": "2026-02-12 23:06:58,199", "name": "__main__", "levelname": "\u001b[32mINFO\u001b[0m", "message": "\u2705 LinkedIn generator initialized", "filename": "logger.py", "lineno": 130}
{"asctime": "2026-02-12 23:06:58,374", "name": "__main__", "levelname": "\u001b[32mINFO\u001b[0m", "message": "\u2705 LinkedIn generator initialized", "filename": "logger.py", "lineno": 130}
{"asctime": "2026-02-12 23:07:02,498", "name": "__main__", "levelname": "\u001b[32mINFO\u001b[0m", "message": "Generation completed successfully | mode=advanced | duration_seconds=4.070417165756226 | tokens_used=742 | timestamp=2026-02-12T23:07:02.497565", "filename": "logger.py", "lineno": 128}
